Release 13.4 - ngc2edif O.87xd (nt64)
Copyright (c) 1995-2011 Xilinx, Inc.  All rights reserved.
Reading design three_state_line_buffer.ngc ...
WARNING:NetListWriters:298 - No output is written to
   three_state_line_buffer.xncf, ignored.
Processing design ...
   Preping design's networks ...
   Preping design's macros ...
  finished :Prep
Writing EDIF netlist file three_state_line_buffer.edif ...
ngc2edif: Total memory usage is 78976 kilobytes

Release 13.4 - ngc2edif O.87xd (nt64)
Copyright (c) 1995-2011 Xilinx, Inc.  All rights reserved.
Reading design three_state_line_buffer.ngc ...
WARNING:NetListWriters:298 - No output is written to
   three_state_line_buffer.xncf, ignored.
Processing design ...
   Preping design's networks ...
   Preping design's macros ...
  finished :Prep
Writing EDIF netlist file three_state_line_buffer.edif ...
ngc2edif: Total memory usage is 78976 kilobytes

Release 13.4 - ngc2edif O.87xd (nt64)
Copyright (c) 1995-2011 Xilinx, Inc.  All rights reserved.
Reading design three_state_line_buffer.ngc ...
WARNING:NetListWriters:298 - No output is written to
   three_state_line_buffer.xncf, ignored.
Processing design ...
   Preping design's networks ...
   Preping design's macros ...
  finished :Prep
Writing EDIF netlist file three_state_line_buffer.edif ...
ngc2edif: Total memory usage is 79040 kilobytes

