#-----------------------------------------------------------
# PlanAhead v13.4 (64-bit)
# Build 157570 by hdbuild on Fri Dec 16 13:06:31 MST 2011
# Start of session at: Fri May 27 17:27:03 2022
# Process ID: 7888
# Log file: D:/Students/PLD-2022/RingCounter/planAhead_run_1/planAhead.log
# Journal file: D:/Students/PLD-2022/RingCounter/planAhead_run_1/planAhead.jou
#-----------------------------------------------------------
INFO: [Common-78] Attempting to get a license: PlanAhead
INFO: [Common-82] Got a license: PlanAhead
INFO: [Common-86] Your PlanAhead license expires in -1456 day(s)
INFO: [Device-25] Loading parts and site information from C:/Xilinx/13.4/ISE_DS/PlanAhead\parts\arch.xmlParsing RTL primitives file [C:/Xilinx/13.4/ISE_DS/PlanAhead\parts\xilinx\rtl\prims\rtl_prims.xml]
Finished parsing RTL primitives file [C:/Xilinx/13.4/ISE_DS/PlanAhead\parts\xilinx\rtl\prims\rtl_prims.xml]
start_gui
source D:/Students/PLD-2022/RingCounter/pa.fromNetlist.tcl
# create_project -name RingCounter -dir "D:/Students/PLD-2022/RingCounter/planAhead_run_1" -part xc3s200vq100-4
Parsing template File [C:/Xilinx/13.4/ISE_DS/ISE\data\projnav\templates\verilog.xml].
Finished parsing template File [C:/Xilinx/13.4/ISE_DS/ISE\data\projnav\templates\verilog.xml].
Parsing template File [C:/Xilinx/13.4/ISE_DS/ISE\data\projnav\templates\vhdl.xml].
Finished parsing template File [C:/Xilinx/13.4/ISE_DS/ISE\data\projnav\templates\vhdl.xml].
Parsing template File [C:/Xilinx/13.4/ISE_DS/ISE\data\projnav\templates\ucf.xml].
Finished parsing template File [C:/Xilinx/13.4/ISE_DS/ISE\data\projnav\templates\ucf.xml].
# set_property design_mode GateLvl [get_property srcset [current_run -impl]]
# set_property edif_top_file "D:/Students/PLD-2022/RingCounter/RingCounter.ngc" [ get_property srcset [ current_run ] ]
# add_files -norecurse { {D:/Students/PLD-2022/RingCounter} }
# set_param project.pinAheadLayout  yes
# set_property target_constrs_file "RingCounter.ucf" [current_fileset -constrset]
Adding file 'D:\Students\PLD-2022\RingCounter\RingCounter.ucf' to fileset 'constrs_1'
# add_files [list {RingCounter.ucf}] -fileset [get_property constrset [current_run]]
# open_netlist_design
Design is defaulting to srcset: sources_1
Design is defaulting to constrset: constrs_1
Design is defaulting to part: xc3s200vq100-4
Release 13.4 - ngc2edif O.87xd (nt64)
Copyright (c) 1995-2011 Xilinx, Inc.  All rights reserved.
Reading design RingCounter.ngc ...
WARNING:NetListWriters:298 - No output is written to RingCounter.xncf, ignored.
Processing design ...
   Preping design's networks ...
   Preping design's macros ...
  finished :Prep
Writing EDIF netlist file RingCounter.edif ...
ngc2edif: Total memory usage is 79232 kilobytes

Parsing EDIF File [.\planAhead_run_1\RingCounter.data\cache\RingCounter_ngc_df36b0dd.edif]
Finished Parsing EDIF File [.\planAhead_run_1\RingCounter.data\cache\RingCounter_ngc_df36b0dd.edif]
INFO: [PlanAhead-430] Reading macro library C:/Xilinx/13.4/ISE_DS/PlanAhead\./parts/xilinx/spartan3/hd_int_macros.edn
Parsing EDIF File [C:/Xilinx/13.4/ISE_DS/PlanAhead\./parts/xilinx/spartan3/hd_int_macros.edn]
Finished Parsing EDIF File [C:/Xilinx/13.4/ISE_DS/PlanAhead\./parts/xilinx/spartan3/hd_int_macros.edn]
Loading clock regions from C:/Xilinx/13.4/ISE_DS/PlanAhead\parts/xilinx/spartan3/spartan3/xc3s200/ClockRegion.xml
Loading clock buffers from C:/Xilinx/13.4/ISE_DS/PlanAhead\parts/xilinx/spartan3/spartan3/xc3s200/ClockBuffers.xml
Loading package from C:/Xilinx/13.4/ISE_DS/PlanAhead\parts/xilinx/spartan3/spartan3/xc3s200/vq100/Package.xml
Loading io standards from C:/Xilinx/13.4/ISE_DS/PlanAhead\./parts/xilinx/spartan3/IOStandards.xml
INFO: [Device-19] Loading pkg sso from C:/Xilinx/13.4/ISE_DS/PlanAhead\parts/xilinx/spartan3/spartan3/xc3s200/vq100/SSORules.xml
Loading list of drcs for the architecture : C:/Xilinx/13.4/ISE_DS/PlanAhead\./parts/xilinx/spartan3/drc.xml
INFO: [Timing-77] Reading timing library C:/Xilinx/13.4/ISE_DS/PlanAhead\parts/xilinx/spartan3/spartan3/spartan3-4.lib.
INFO: [Timing-34] Done reading timing library C:/Xilinx/13.4/ISE_DS/PlanAhead\parts/xilinx/spartan3/spartan3/spartan3-4.lib.
Parsing UCF File [D:\Students\PLD-2022\RingCounter\RingCounter.ucf]
Finished Parsing UCF File [D:\Students\PLD-2022\RingCounter\RingCounter.ucf]
INFO: [PlanAhead-566] Unisim Transformation Summary:
  A total of 1 instances were transformed.
  BUFGP => BUFGP (HD_IBUFG, HD_BUFG): 1 instances
open_netlist_design: Time (s): 5.128w.  Memory (MB): 625.078p 99.145g
startgroup
startgroup
set_property loc PAD126 [get_ports CLK]
set_property loc PAD126 [get_ports CLK]
endgroup
endgroup
startgroup
startgroup
set_property loc PAD83 [get_ports {Y[0]}]
set_property loc PAD83 [get_ports {Y[0]}]
endgroup
endgroup
startgroup
startgroup
set_property loc PAD82 [get_ports {Y[1]}]
set_property loc PAD82 [get_ports {Y[1]}]
endgroup
endgroup
startgroup
startgroup
set_property loc PAD81 [get_ports {Y[2]}]
set_property loc PAD81 [get_ports {Y[2]}]
endgroup
endgroup
set_property loc "" [get_ports [list  {Y[4]}]]
set_property loc "" [get_ports [list  {Y[4]}]]
startgroup
startgroup
set_property loc PAD76 [get_ports {Y[3]}]
set_property loc PAD76 [get_ports {Y[3]}]
endgroup
endgroup
startgroup
startgroup
set_property loc PAD75 [get_ports {Y[4]}]
set_property loc PAD75 [get_ports {Y[4]}]
endgroup
endgroup
startgroup
startgroup
set_property loc PAD74 [get_ports {Y[5]}]
set_property loc PAD74 [get_ports {Y[5]}]
endgroup
endgroup
startgroup
startgroup
set_property loc PAD73 [get_ports {Y[6]}]
set_property loc PAD73 [get_ports {Y[6]}]
endgroup
endgroup
startgroup
startgroup
set_property loc PAD68 [get_ports {Y[7]}]
set_property loc PAD68 [get_ports {Y[7]}]
endgroup
endgroup
save_design
exit
stop_gui
INFO: [PlanAhead-261] Exiting PlanAhead...
INFO: [Common-83] Releasing license: PlanAhead
